<?xml version="1.0" encoding="UTF-8"?>
<!-- Generated by org.testng.reporters.JUnitXMLReporter -->
<testsuite hostname="RNAGALLI-JVPVW" ignored="0" name="Testing" tests="6" failures="0" timestamp="2020-02-26T22:17:23 IST" time="43.746" errors="0">
  <testcase name="Login" time="8.551" classname="Test.Test1"/>
  <testcase name="Navigate" time="9.047" classname="Test.Test1"/>
  <testcase name="SignOut" time="8.352" classname="Test.Test1"/>
  <testcase name="Login2" time="0.005" classname="Test.Test2"/>
  <testcase name="Navigate2" time="0.002" classname="Test.Test2"/>
  <testcase name="SignOut2" time="0.003" classname="Test.Test2"/>
</testsuite> <!-- Testing -->
