<?xml version="1.0" encoding="UTF-8"?>
<!-- Generated by org.testng.reporters.JUnitXMLReporter -->
<testsuite hostname="RNAGALLI-JVPVW" ignored="1" name="Application" tests="2" failures="0" timestamp="2020-03-16T20:34:06 IST" time="0.052" errors="0">
  <testcase name="TestValidationA" time="0.012" classname="TestXML.Validation"/>
  <testcase name="TestValidationB" time="0.002" classname="TestXML.Validation"/>
  <testcase name="ValidationC" time="0.0" classname="TestXML.Validation">
    <ignored/>
  </testcase> <!-- ValidationC -->
</testsuite> <!-- Application -->
