<?xml version="1.0" encoding="UTF-8"?>
<!-- Generated by org.testng.reporters.JUnitXMLReporter -->
<testsuite hostname="RNAGALLI-JVPVW" ignored="0" name="Regression" tests="6" failures="0" timestamp="2020-04-12T22:18:54 IST" time="0.063" errors="0">
  <testcase name="sign" time="0.013" classname="Today.FirstProject"/>
  <testcase name="sign1" time="0.002" classname="Today.FirstProject"/>
  <testcase name="Homepage" time="0.001" classname="Today.FirstProject"/>
  <testcase name="Verification" time="0.002" classname="Today.FirstProject"/>
  <testcase name="ProjectVerification" time="0.001" classname="Today.Project"/>
  <testcase name="ProjectSign" time="0.001" classname="Today.Project"/>
</testsuite> <!-- Regression -->
